<?xml version="1.0" encoding="UTF-8"?>
<testsuites tests="6" failures="0" errors="0" skipped="0">
  <testsuite name="Trello Account Management" timestamp="2024-11-06T23:13:18" time="34.834" tests="6" failures="0" errors="0" skipped="0">
    <properties>
      <property name="specId" value="0"/>
      <property name="featureName" value="Trello Account Management"/>
      <property name="capabilities" value="firefox.132_0_1.mac"/>
      <property name="featureFile" value="file://./src/features/trello.tests.feature"/>
    </properties>
    <testcase classname="CucumberJUnitReport-firefox.132_0_1.mac.Trello Account Management" name="User signs in to an existing Trello account" time="8.231">
      <system-out><![CDATA[
✅ Given the user is on the Trello sign-in page✅ When the user enters their email and clicks the 'Continue' button✅ Then the user should see the password field✅ When the user enters their password and clicks the 'Log in' button✅ Then the user should be redirected to their Trello boards page
]]></system-out>
    </testcase>
    <testcase classname="CucumberJUnitReport-firefox.132_0_1.mac.Trello Account Management" name="Create a new board" time="5.582">
      <system-out><![CDATA[
✅ Given the user is on the Trello dashboard✅ When the user clicks on the 'Create' button✅ Then the user should see a create board options list
✅ When the user clicks on the 'Create board' button✅ Then the user should see create board menu
✅ When the user enters a title for the board and clicks 'Create' button✅ Then the new board should be created and navigated to it
]]></system-out>
    </testcase>
    <testcase classname="CucumberJUnitReport-firefox.132_0_1.mac.Trello Account Management" name="Create a list on a board" time="6.509">
      <system-out><![CDATA[
✅ Given the user is viewing a specific Trello board✅ When the user clicks on the '+ Add List' button✅ Then the user should see list name field✅ When the user enters a list name and clicks on the 'Add list' button✅ Then the new list should appear on the board
]]></system-out>
    </testcase>
    <testcase classname="CucumberJUnitReport-firefox.132_0_1.mac.Trello Account Management" name="Edit user profile information" time="5.356">
      <system-out><![CDATA[
✅ Given the user on the Trello boards page✅ When the user click on account icon✅ Then the user should see a account menu
✅ When the user click on Profile and visibility button✅ Then the user navigates to the profile settings✅ When the user update their profile information and click save button✅ Then the changes should be saved successfully, and the user will see an alert
]]></system-out>
    </testcase>
    <testcase classname="CucumberJUnitReport-firefox.132_0_1.mac.Trello Account Management" name="Search for a board" time="2.926">
      <system-out><![CDATA[
✅ Given the user is on the Trello homepage✅ When the user clicks on the search bar✅ Then the user should see a search popup
✅ When the user entered the board name✅ Then the relevant board should appear in the search results

]]></system-out>
    </testcase>
    <testcase classname="CucumberJUnitReport-firefox.132_0_1.mac.Trello Account Management" name="Create a card on a list" time="6.207">
      <system-out><![CDATA[
✅ Given the user has a list on a Trello board✅ When the user clicks on the '+ Add a card' button✅ Then the user should see a new card field✅ When the user enters a card name and clicks on the 'Add a card' button✅ Then the new card should be added to the list
]]></system-out>
    </testcase>
  </testsuite>
</testsuites>