<?xml version="1.0" encoding="UTF-8"?>
<testsuites tests="4" failures="0" errors="0" skipped="0">
  <testsuite name="Trello Account and Board Management" timestamp="2024-10-31T12:16:28" time="30.946" tests="4" failures="0" errors="0" skipped="0">
    <properties>
      <property name="specId" value="0"/>
      <property name="featureName" value="Trello Account and Board Management"/>
      <property name="capabilities" value="chrome.130_0_6723_70.mac"/>
      <property name="featureFile" value="file://./src/features/trelloTestingScenarios.feature"/>
    </properties>
    <testcase classname="CucumberJUnitReport-chrome.130_0_6723_70.mac.Trello Account and Board Management" name="User signs in to an existing Trello account" time="10.257">
      <system-out><![CDATA[
✅ Given the user is on the Trello sign-in page✅ When the user enters their email and clicks the 'Continue' button✅ Then the user should see the password field✅ When the user enters their password and clicks the 'Log in' button✅ Then the user should be redirected to their Trello home page
]]></system-out>
    </testcase>
    <testcase classname="CucumberJUnitReport-chrome.130_0_6723_70.mac.Trello Account and Board Management" name="Edit user profile information" time="7.835">
      <system-out><![CDATA[
✅ Given the user is logged in to Trello workspace✅ When the user click on account icon and select Profile and visibility✅ Then the user navigates to the profile settings✅ When the user update their profile information and click save button✅ Then the changes should be saved successfully, and the user will see an alert

]]></system-out>
    </testcase>
    <testcase classname="CucumberJUnitReport-chrome.130_0_6723_70.mac.Trello Account and Board Management" name="Create a new board" time="8.393">
      <system-out><![CDATA[
✅ Given the user is on the Trello dashboard✅ When the user clicks on the 'Create' button✅ Then the user should see a create board options list
✅ When the user clicks on the 'Create board' button✅ Then the user should see create board menu
✅ When the user enters a title for the board and clicks 'Create' button✅ Then the new board should be created and navigated to it
]]></system-out>
    </testcase>
    <testcase classname="CucumberJUnitReport-chrome.130_0_6723_70.mac.Trello Account and Board Management" name="Search for a board" time="4.44">
      <system-out><![CDATA[
✅ Given the user is on the Trello homepage✅ When the user clicks on the search bar and entered the board name✅ Then the relevant board should appear in the search results
]]></system-out>
    </testcase>
  </testsuite>
</testsuites>