<?xml version="1.0" encoding="UTF-8"?>
<testsuites tests="2" failures="0" errors="0" skipped="0">
  <testsuite name="Trello Account and Board Management" timestamp="2024-10-31T17:11:14" time="13.951" tests="2" failures="0" errors="0" skipped="0">
    <properties>
      <property name="specId" value="0"/>
      <property name="featureName" value="Trello Account and Board Management"/>
      <property name="capabilities" value="safari.18_0_1.macos"/>
      <property name="featureFile" value="file://./src/features/trelloTestingScenarios.feature"/>
    </properties>
    <testcase classname="CucumberJUnitReport-safari.18_0_1.macos.Trello Account and Board Management" name="User signs in to an existing Trello account" time="9.148">
      <system-out><![CDATA[
✅ Given the user is on the Trello sign-in page✅ When the user enters their email and clicks the 'Continue' button✅ Then the user should see the password field✅ When the user enters their password and clicks the 'Log in' button✅ Then the user should be redirected to their Trello home page
]]></system-out>
    </testcase>
    <testcase classname="CucumberJUnitReport-safari.18_0_1.macos.Trello Account and Board Management" name="Create a list on a board" time="4.786">
      <system-out><![CDATA[
✅ Given the user is viewing a specific Trello board✅ When the user clicks on the '+ Add List' button✅ Then the user should see list name field✅ When the user enters a list name and clicks on the 'Add list' button✅ Then the new list should appear on the board
]]></system-out>
    </testcase>
  </testsuite>
</testsuites>